{"message":"From print function","level":"info","service":"user-service"}
{"message":"From transform function","level":"info","service":"user-service"}
{"message":"you had to write some arguments: undefined","level":"error","service":"user-service"}
{"message":"you had to write some arguments: undefined","level":"error","service":"user-service"}
{"message":"From print function","level":"info","service":"user-service"}
{"message":"From print function","level":"info","service":"user-service"}
{"message":"From print function","level":"info","service":"user-service"}
{"message":"From print function","level":"info","service":"user-service"}
{"message":"From print function","level":"info","service":"user-service"}
{"message":"From print function","level":"info","service":"user-service"}
{"message":"From print function","level":"info","service":"user-service"}
{"message":"you had to write some arguments: undefined","level":"error","service":"user-service"}
{"message":"From print function","level":"info","service":"user-service"}
{"message":"you had to write some arguments: undefined","level":"error","service":"user-service"}
{"message":"From print function","level":"info","service":"user-service"}
{"message":"you had to write some arguments: undefined","level":"error","service":"user-service"}
{"message":"From print function","level":"info","service":"user-service"}
{"message":"From print function","level":"info","service":"user-service"}
{"message":"From print function","level":"info","service":"user-service"}
{"message":"From inputOutput function utils/1.txt","level":"info","service":"user-service"}
{"message":"From print function","level":"info","service":"user-service"}
{"message":"From transformFile function","level":"info","service":"user-service"}
{"message":"From print function","level":"info","service":"user-service"}
{"message":"From transform function","level":"info","service":"user-service"}
{"message":"From print function","level":"info","service":"user-service"}
{"message":"From saveToJSON function","level":"info","service":"user-service"}
{"message":"From print function","level":"info","service":"user-service"}
{"message":"From saveToJSON function","level":"info","service":"user-service"}
{"message":"From print function","level":"info","service":"user-service"}
{"message":"From cssBundler function","level":"info","service":"user-service"}
{"message":"From print function","level":"info","service":"user-service"}
{"message":"From cssBundler function","level":"info","service":"user-service"}
{"message":"From print function","level":"info","service":"user-service"}
{"message":"From cssBundler function","level":"info","service":"user-service"}
{"message":"From print function","level":"info","service":"user-service"}
{"message":"From cssBundler function","level":"info","service":"user-service"}
{"message":"From print function","level":"info","service":"user-service"}
{"message":"From cssBundler function","level":"info","service":"user-service"}
{"message":"From print function","level":"info","service":"user-service"}
{"message":"From cssBundler function","level":"info","service":"user-service"}
{"message":"From print function","level":"info","service":"user-service"}
{"message":"From cssBundler function","level":"info","service":"user-service"}
{"message":"From print function","level":"info","service":"user-service"}
{"message":"From cssBundler function","level":"info","service":"user-service"}
{"message":"From print function","level":"info","service":"user-service"}
{"message":"From cssBundler function","level":"info","service":"user-service"}
{"message":"From print function","level":"info","service":"user-service"}
{"message":"From cssBundler function","level":"info","service":"user-service"}
{"message":"From print function","level":"info","service":"user-service"}
{"message":"From cssBundler function","level":"info","service":"user-service"}
{"message":"From print function","level":"info","service":"user-service"}
{"message":"From cssBundler function","level":"info","service":"user-service"}
{"message":"From print function","level":"info","service":"user-service"}
{"message":"From cssBundler function","level":"info","service":"user-service"}
{"message":"From print function","level":"info","service":"user-service"}
{"message":"From cssBundler function","level":"info","service":"user-service"}
{"message":"From print function","level":"info","service":"user-service"}
{"message":"From cssBundler function","level":"info","service":"user-service"}
{"message":"From print function","level":"info","service":"user-service"}
{"message":"From cssBundler function","level":"info","service":"user-service"}
{"message":"From print function","level":"info","service":"user-service"}
{"message":"From cssBundler function","level":"info","service":"user-service"}
{"message":"From print function","level":"info","service":"user-service"}
{"message":"From cssBundler function","level":"info","service":"user-service"}
{"message":"From print function","level":"info","service":"user-service"}
{"message":"From cssBundler function","level":"info","service":"user-service"}
{"message":"From print function","level":"info","service":"user-service"}
{"message":"From cssBundler function","level":"info","service":"user-service"}
{"message":"From print function","level":"info","service":"user-service"}
{"message":"From cssBundler function","level":"info","service":"user-service"}
{"message":"From print function","level":"info","service":"user-service"}
{"message":"From cssBundler function","level":"info","service":"user-service"}
{"message":"From print function","level":"info","service":"user-service"}
{"message":"From cssBundler function","level":"info","service":"user-service"}
{"message":"From print function","level":"info","service":"user-service"}
{"message":"From cssBundler function","level":"info","service":"user-service"}
{"message":"From print function","level":"info","service":"user-service"}
{"message":"From cssBundler function","level":"info","service":"user-service"}
{"message":"From print function","level":"info","service":"user-service"}
{"message":"From cssBundler function","level":"info","service":"user-service"}
{"message":"From print function","level":"info","service":"user-service"}
{"message":"From cssBundler function","level":"info","service":"user-service"}
{"message":"From print function","level":"info","service":"user-service"}
{"message":"From cssBundler function","level":"info","service":"user-service"}
{"message":"From print function","level":"info","service":"user-service"}
{"message":"From cssBundler function","level":"info","service":"user-service"}
{"message":"From print function","level":"info","service":"user-service"}
{"message":"From cssBundler function","level":"info","service":"user-service"}
{"message":"From print function","level":"info","service":"user-service"}
{"message":"From cssBundler function","level":"info","service":"user-service"}
{"message":"From print function","level":"info","service":"user-service"}
{"message":"From cssBundler function","level":"info","service":"user-service"}
{"message":"From print function","level":"info","service":"user-service"}
{"message":"From print function","level":"info","service":"user-service"}
{"message":"From cssBundler function","level":"info","service":"user-service"}
{"message":"From print function","level":"info","service":"user-service"}
{"message":"From cssBundler function","level":"info","service":"user-service"}
{"message":"From print function","level":"info","service":"user-service"}
{"message":"From cssBundler function","level":"info","service":"user-service"}
{"message":"From print function","level":"info","service":"user-service"}
{"message":"From cssBundler function","level":"info","service":"user-service"}
{"message":"From print function","level":"info","service":"user-service"}
{"message":"From cssBundler function","level":"info","service":"user-service"}
{"message":"From print function","level":"info","service":"user-service"}
{"message":"From cssBundler function","level":"info","service":"user-service"}
{"message":"From print function","level":"info","service":"user-service"}
{"message":"From cssBundler function","level":"info","service":"user-service"}
{"message":"From print function","level":"info","service":"user-service"}
{"message":"From cssBundler function","level":"info","service":"user-service"}
{"message":"From print function","level":"info","service":"user-service"}
{"message":"From cssBundler function","level":"info","service":"user-service"}
{"message":"From print function","level":"info","service":"user-service"}
{"message":"From cssBundler function","level":"info","service":"user-service"}
{"message":"From print function","level":"info","service":"user-service"}
{"message":"From print function","level":"info","service":"user-service"}
{"message":"From print function","level":"info","service":"user-service"}
{"message":"From cssBundler function","level":"info","service":"user-service"}
{"message":"From print function","level":"info","service":"user-service"}
{"message":"From cssBundler function","level":"info","service":"user-service"}
{"message":"From print function","level":"info","service":"user-service"}
{"message":"From cssBundler function","level":"info","service":"user-service"}
{"message":"From print function","level":"info","service":"user-service"}
{"message":"From cssBundler function","level":"info","service":"user-service"}
{"message":"From print function","level":"info","service":"user-service"}
{"message":"From cssBundler function","level":"info","service":"user-service"}
{"message":"From print function","level":"info","service":"user-service"}
{"message":"From cssBundler function","level":"info","service":"user-service"}
{"message":"From print function","level":"info","service":"user-service"}
{"message":"From cssBundler function","level":"info","service":"user-service"}
{"message":"From print function","level":"info","service":"user-service"}
{"message":"From cssBundler function","level":"info","service":"user-service"}
{"message":"From print function","level":"info","service":"user-service"}
{"message":"From cssBundler function","level":"info","service":"user-service"}
{"message":"From print function","level":"info","service":"user-service"}
{"message":"From cssBundler function","level":"info","service":"user-service"}
{"message":"From print function","level":"info","service":"user-service"}
{"message":"From print function","level":"info","service":"user-service"}
{"message":"From print function","level":"info","service":"user-service"}
{"message":"From print function","level":"info","service":"user-service"}
{"message":"From print function","level":"info","service":"user-service"}
{"message":"From print function","level":"info","service":"user-service"}
{"message":"From print function","level":"info","service":"user-service"}
{"message":"From print function","level":"info","service":"user-service"}
{"message":"From print function","level":"info","service":"user-service"}
{"message":"From print function","level":"info","service":"user-service"}
{"message":"From print function","level":"info","service":"user-service"}
{"message":"From print function","level":"info","service":"user-service"}
{"message":"From print function","level":"info","service":"user-service"}
{"message":"From print function","level":"info","service":"user-service"}
{"message":"From print function","level":"info","service":"user-service"}
{"message":"From cssBundler function","level":"info","service":"user-service"}
{"message":"From print function","level":"info","service":"user-service"}
{"message":"you had to write some arguments: Error: no such directory lol","level":"error","service":"user-service"}
{"message":"From print function","level":"info","service":"user-service"}
{"level":"error","service":"user-service"}
{"message":"From print function","level":"info","service":"user-service"}
{"level":"error","service":"user-service"}
{"message":"From print function","level":"info","service":"user-service"}
{"level":"error","service":"user-service"}
{"message":"From print function","level":"info","service":"user-service"}
{"level":"error","service":"user-service"}
{"level":"error","service":"user-service"}
{"level":"error","service":"user-service"}
{"message":"Error Error: no such directoryll","level":"error","service":"user-service"}
{"message":"no such directoryll","level":"error","service":"user-service"}
{"message":"no such directoryll","level":"error","service":"user-service"}
{"level":"error","service":"user-service"}
{"message":"no such directoryll","level":"error","service":"user-service"}
{"message":"no such directory ll","level":"error","service":"user-service"}
{"message":"From saveToJSON function","level":"info","service":"user-service"}
{"message":"no such file utils/lo.csv","level":"error","service":"user-service"}
{"message":"This is useful msg from help","level":"info"}
{"message":"This is useful msg from help","level":"info"}
{"message":"This is useful msg from help","level":"info"}
{"message":"This is useful msg from help","level":"info"}
{"message":"This is useful msg from help","level":"info"}
